Daily activity on Wed Sep 24 12:39:11 UTC 2025
Daily activity on Wed Sep 24 12:41:22 UTC 2025
Daily activity on Wed Sep 24 16:12:09 UTC 2025
Daily activity on Wed Sep 24 20:11:05 UTC 2025
Daily activity on Thu Sep 25 00:44:29 UTC 2025
Daily activity on Thu Sep 25 04:11:53 UTC 2025
Daily activity on Thu Sep 25 08:13:22 UTC 2025
Daily activity on Thu Sep 25 12:19:28 UTC 2025
Daily activity on Thu Sep 25 16:11:33 UTC 2025
Daily activity on Thu Sep 25 20:10:48 UTC 2025
Daily activity on Fri Sep 26 00:43:52 UTC 2025
Daily activity on Fri Sep 26 04:11:47 UTC 2025
Daily activity on Fri Sep 26 08:13:59 UTC 2025
Daily activity on Fri Sep 26 12:18:11 UTC 2025
Daily activity on Fri Sep 26 16:11:29 UTC 2025
Daily activity on Fri Sep 26 20:10:50 UTC 2025
Daily activity on Sat Sep 27 00:42:26 UTC 2025
Daily activity on Sat Sep 27 04:10:52 UTC 2025
Daily activity on Sat Sep 27 08:11:23 UTC 2025
Daily activity on Sat Sep 27 12:15:21 UTC 2025
Daily activity on Sat Sep 27 16:09:51 UTC 2025
Daily activity on Sat Sep 27 20:09:30 UTC 2025
Daily activity on Sun Sep 28 00:50:25 UTC 2025
Daily activity on Sun Sep 28 04:11:05 UTC 2025
Daily activity on Sun Sep 28 08:11:40 UTC 2025
Daily activity on Sun Sep 28 12:16:14 UTC 2025
Daily activity on Sun Sep 28 16:09:51 UTC 2025
Daily activity on Sun Sep 28 20:09:17 UTC 2025
Daily activity on Mon Sep 29 00:45:47 UTC 2025
Daily activity on Mon Sep 29 04:12:12 UTC 2025
Daily activity on Mon Sep 29 08:14:51 UTC 2025
Daily activity on Mon Sep 29 12:18:55 UTC 2025
Daily activity on Mon Sep 29 16:09:56 UTC 2025
Daily activity on Mon Sep 29 20:10:52 UTC 2025
Daily activity on Tue Sep 30 00:44:43 UTC 2025
Daily activity on Tue Sep 30 04:11:57 UTC 2025
Daily activity on Tue Sep 30 08:14:46 UTC 2025
Daily activity on Tue Sep 30 12:19:32 UTC 2025
Daily activity on Tue Sep 30 16:12:19 UTC 2025
Daily activity on Tue Sep 30 20:10:38 UTC 2025
Daily activity on Wed Oct  1 00:51:41 UTC 2025
Daily activity on Wed Oct  1 04:12:08 UTC 2025
Daily activity on Wed Oct  1 08:13:58 UTC 2025
Daily activity on Wed Oct  1 12:19:22 UTC 2025
Daily activity on Wed Oct  1 16:11:57 UTC 2025
Daily activity on Wed Oct  1 20:11:53 UTC 2025
Daily activity on Thu Oct  2 00:43:11 UTC 2025
Daily activity on Thu Oct  2 04:11:23 UTC 2025
Daily activity on Thu Oct  2 08:13:24 UTC 2025
Daily activity on Thu Oct  2 12:17:35 UTC 2025
Daily activity on Thu Oct  2 16:11:23 UTC 2025
Daily activity on Thu Oct  2 20:10:30 UTC 2025
Daily activity on Fri Oct  3 00:43:21 UTC 2025
Daily activity on Fri Oct  3 04:11:13 UTC 2025
Daily activity on Fri Oct  3 08:12:51 UTC 2025
Daily activity on Fri Oct  3 12:17:52 UTC 2025
Daily activity on Fri Oct  3 16:10:52 UTC 2025
Daily activity on Fri Oct  3 20:10:29 UTC 2025
Daily activity on Sat Oct  4 00:41:04 UTC 2025
Daily activity on Sat Oct  4 04:10:44 UTC 2025
Daily activity on Sat Oct  4 08:11:34 UTC 2025
Daily activity on Sat Oct  4 12:15:48 UTC 2025
Daily activity on Sat Oct  4 16:10:05 UTC 2025
Daily activity on Sat Oct  4 20:09:02 UTC 2025
Daily activity on Sun Oct  5 00:49:14 UTC 2025
Daily activity on Sun Oct  5 04:10:55 UTC 2025
Daily activity on Sun Oct  5 08:11:13 UTC 2025
Daily activity on Sun Oct  5 12:15:58 UTC 2025
Daily activity on Sun Oct  5 16:09:56 UTC 2025
Daily activity on Sun Oct  5 20:09:15 UTC 2025
Daily activity on Mon Oct  6 00:45:05 UTC 2025
Daily activity on Mon Oct  6 04:11:30 UTC 2025
Daily activity on Mon Oct  6 08:13:53 UTC 2025
Daily activity on Mon Oct  6 12:18:56 UTC 2025
Daily activity on Mon Oct  6 16:11:32 UTC 2025
Daily activity on Mon Oct  6 20:10:43 UTC 2025
Daily activity on Tue Oct  7 00:43:40 UTC 2025
Daily activity on Tue Oct  7 04:11:42 UTC 2025
Daily activity on Tue Oct  7 08:14:10 UTC 2025
Daily activity on Tue Oct  7 12:19:12 UTC 2025
Daily activity on Tue Oct  7 16:11:41 UTC 2025
Daily activity on Tue Oct  7 20:10:24 UTC 2025
Daily activity on Wed Oct  8 00:43:31 UTC 2025
Daily activity on Wed Oct  8 04:11:43 UTC 2025
Daily activity on Wed Oct  8 08:14:23 UTC 2025
Daily activity on Wed Oct  8 12:19:27 UTC 2025
Daily activity on Wed Oct  8 16:12:06 UTC 2025
Daily activity on Wed Oct  8 20:10:53 UTC 2025
Daily activity on Thu Oct  9 00:44:31 UTC 2025
Daily activity on Thu Oct  9 04:11:47 UTC 2025
Daily activity on Thu Oct  9 08:13:42 UTC 2025
Daily activity on Thu Oct  9 12:18:43 UTC 2025
Daily activity on Thu Oct  9 16:13:12 UTC 2025
Daily activity on Thu Oct  9 20:10:41 UTC 2025
Daily activity on Fri Oct 10 00:43:45 UTC 2025
Daily activity on Fri Oct 10 04:11:39 UTC 2025
Daily activity on Fri Oct 10 08:14:00 UTC 2025
Daily activity on Fri Oct 10 12:19:05 UTC 2025
Daily activity on Fri Oct 10 16:12:03 UTC 2025
Daily activity on Fri Oct 10 20:10:34 UTC 2025
Daily activity on Sat Oct 11 00:41:35 UTC 2025
Daily activity on Sat Oct 11 04:11:12 UTC 2025
Daily activity on Sat Oct 11 08:11:29 UTC 2025
Daily activity on Sat Oct 11 12:16:01 UTC 2025
Daily activity on Sat Oct 11 16:09:44 UTC 2025
Daily activity on Sat Oct 11 20:08:54 UTC 2025
Daily activity on Sun Oct 12 00:46:59 UTC 2025
Daily activity on Sun Oct 12 04:11:13 UTC 2025
Daily activity on Sun Oct 12 08:11:27 UTC 2025
Daily activity on Sun Oct 12 12:16:03 UTC 2025
Daily activity on Sun Oct 12 16:10:06 UTC 2025
Daily activity on Sun Oct 12 20:09:31 UTC 2025
Daily activity on Mon Oct 13 00:48:28 UTC 2025
Daily activity on Mon Oct 13 04:12:41 UTC 2025
Daily activity on Mon Oct 13 08:14:53 UTC 2025
Daily activity on Mon Oct 13 12:18:59 UTC 2025
Daily activity on Mon Oct 13 16:11:25 UTC 2025
Daily activity on Mon Oct 13 20:11:20 UTC 2025
Daily activity on Tue Oct 14 00:44:00 UTC 2025
Daily activity on Tue Oct 14 04:11:45 UTC 2025
Daily activity on Tue Oct 14 08:12:49 UTC 2025
Daily activity on Tue Oct 14 12:19:39 UTC 2025
Daily activity on Tue Oct 14 16:11:54 UTC 2025
Daily activity on Tue Oct 14 20:10:41 UTC 2025
Daily activity on Wed Oct 15 00:45:33 UTC 2025
Daily activity on Wed Oct 15 04:11:54 UTC 2025
Daily activity on Wed Oct 15 08:14:18 UTC 2025
Daily activity on Wed Oct 15 12:20:19 UTC 2025
Daily activity on Wed Oct 15 16:10:17 UTC 2025
Daily activity on Wed Oct 15 20:11:26 UTC 2025
Daily activity on Thu Oct 16 00:45:27 UTC 2025
Daily activity on Thu Oct 16 04:11:39 UTC 2025
Daily activity on Thu Oct 16 08:14:29 UTC 2025
Daily activity on Thu Oct 16 12:19:27 UTC 2025
Daily activity on Thu Oct 16 16:12:58 UTC 2025
Daily activity on Thu Oct 16 20:11:12 UTC 2025
Daily activity on Fri Oct 17 00:45:01 UTC 2025
Daily activity on Fri Oct 17 04:12:05 UTC 2025
Daily activity on Fri Oct 17 08:14:22 UTC 2025
Daily activity on Fri Oct 17 12:18:47 UTC 2025
Daily activity on Fri Oct 17 16:11:20 UTC 2025
Daily activity on Fri Oct 17 20:11:16 UTC 2025
Daily activity on Sat Oct 18 00:42:19 UTC 2025
Daily activity on Sat Oct 18 04:11:20 UTC 2025
Daily activity on Sat Oct 18 08:11:57 UTC 2025
Daily activity on Sat Oct 18 12:16:29 UTC 2025
Daily activity on Sat Oct 18 16:10:25 UTC 2025
Daily activity on Sat Oct 18 20:09:18 UTC 2025
Daily activity on Sun Oct 19 00:52:15 UTC 2025
Daily activity on Sun Oct 19 04:13:23 UTC 2025
Daily activity on Sun Oct 19 08:11:22 UTC 2025
Daily activity on Sun Oct 19 12:16:29 UTC 2025
Daily activity on Sun Oct 19 16:10:05 UTC 2025
Daily activity on Sun Oct 19 20:09:41 UTC 2025
Daily activity on Mon Oct 20 00:50:06 UTC 2025
Daily activity on Mon Oct 20 04:16:09 UTC 2025
Daily activity on Mon Oct 20 08:14:21 UTC 2025
Daily activity on Mon Oct 20 12:19:23 UTC 2025
Daily activity on Mon Oct 20 16:11:59 UTC 2025
Daily activity on Mon Oct 20 20:11:10 UTC 2025
Daily activity on Tue Oct 21 00:46:05 UTC 2025
Daily activity on Tue Oct 21 04:11:59 UTC 2025
Daily activity on Tue Oct 21 08:14:43 UTC 2025
Daily activity on Tue Oct 21 12:19:52 UTC 2025
Daily activity on Tue Oct 21 16:13:17 UTC 2025
Daily activity on Tue Oct 21 20:11:30 UTC 2025
Daily activity on Wed Oct 22 00:47:39 UTC 2025
Daily activity on Wed Oct 22 04:12:56 UTC 2025
Daily activity on Wed Oct 22 08:15:29 UTC 2025
Daily activity on Wed Oct 22 12:19:48 UTC 2025
Daily activity on Wed Oct 22 16:13:10 UTC 2025
Daily activity on Wed Oct 22 20:12:02 UTC 2025
Daily activity on Thu Oct 23 00:45:43 UTC 2025
Daily activity on Thu Oct 23 04:12:01 UTC 2025
Daily activity on Thu Oct 23 08:14:19 UTC 2025
Daily activity on Thu Oct 23 12:19:39 UTC 2025
Daily activity on Thu Oct 23 16:12:06 UTC 2025
Daily activity on Thu Oct 23 20:10:58 UTC 2025
Daily activity on Fri Oct 24 00:42:48 UTC 2025
Daily activity on Fri Oct 24 04:11:43 UTC 2025
Daily activity on Fri Oct 24 08:14:53 UTC 2025
Daily activity on Fri Oct 24 12:19:33 UTC 2025
Daily activity on Fri Oct 24 16:11:49 UTC 2025
Daily activity on Fri Oct 24 20:10:52 UTC 2025
Daily activity on Sat Oct 25 00:44:30 UTC 2025
Daily activity on Sat Oct 25 04:11:29 UTC 2025
Daily activity on Sat Oct 25 08:11:32 UTC 2025
Daily activity on Sat Oct 25 12:16:10 UTC 2025
Daily activity on Sat Oct 25 16:10:27 UTC 2025
Daily activity on Sat Oct 25 20:09:40 UTC 2025
Daily activity on Sun Oct 26 00:50:02 UTC 2025
Daily activity on Sun Oct 26 04:11:36 UTC 2025
Daily activity on Sun Oct 26 08:12:02 UTC 2025
Daily activity on Sun Oct 26 12:16:43 UTC 2025
Daily activity on Sun Oct 26 16:10:26 UTC 2025
Daily activity on Sun Oct 26 20:09:58 UTC 2025
Daily activity on Mon Oct 27 00:52:05 UTC 2025
Daily activity on Mon Oct 27 04:20:06 UTC 2025
Daily activity on Mon Oct 27 08:14:53 UTC 2025
Daily activity on Mon Oct 27 12:19:42 UTC 2025
Daily activity on Mon Oct 27 16:12:50 UTC 2025
Daily activity on Mon Oct 27 20:08:43 UTC 2025
Daily activity on Tue Oct 28 00:44:44 UTC 2025
Daily activity on Tue Oct 28 04:12:14 UTC 2025
Daily activity on Tue Oct 28 08:14:11 UTC 2025
Daily activity on Tue Oct 28 12:19:02 UTC 2025
Daily activity on Tue Oct 28 16:12:52 UTC 2025
Daily activity on Tue Oct 28 20:11:43 UTC 2025
Daily activity on Wed Oct 29 00:49:30 UTC 2025
Daily activity on Wed Oct 29 04:16:39 UTC 2025
Daily activity on Wed Oct 29 08:14:25 UTC 2025
Daily activity on Wed Oct 29 12:19:43 UTC 2025
Daily activity on Wed Oct 29 16:13:08 UTC 2025
Daily activity on Wed Oct 29 20:11:20 UTC 2025
Daily activity on Thu Oct 30 00:48:39 UTC 2025
Daily activity on Thu Oct 30 04:12:00 UTC 2025
Daily activity on Thu Oct 30 08:13:35 UTC 2025
Daily activity on Thu Oct 30 12:19:08 UTC 2025
Daily activity on Thu Oct 30 16:13:29 UTC 2025
Daily activity on Thu Oct 30 20:10:46 UTC 2025
Daily activity on Fri Oct 31 00:46:08 UTC 2025
Daily activity on Fri Oct 31 04:13:46 UTC 2025
Daily activity on Fri Oct 31 08:13:24 UTC 2025
Daily activity on Fri Oct 31 12:19:48 UTC 2025
Daily activity on Fri Oct 31 16:12:13 UTC 2025
Daily activity on Fri Oct 31 20:11:19 UTC 2025
Daily activity on Sat Nov  1 00:50:48 UTC 2025
Daily activity on Sat Nov  1 04:11:19 UTC 2025
Daily activity on Sat Nov  1 08:11:44 UTC 2025
Daily activity on Sat Nov  1 12:16:24 UTC 2025
Daily activity on Sat Nov  1 16:09:42 UTC 2025
Daily activity on Sat Nov  1 20:08:57 UTC 2025
Daily activity on Sun Nov  2 00:51:24 UTC 2025
Daily activity on Sun Nov  2 04:13:29 UTC 2025
Daily activity on Sun Nov  2 08:11:18 UTC 2025
Daily activity on Sun Nov  2 12:16:14 UTC 2025
Daily activity on Sun Nov  2 16:09:57 UTC 2025
Daily activity on Sun Nov  2 20:09:18 UTC 2025
Daily activity on Mon Nov  3 00:50:51 UTC 2025
Daily activity on Mon Nov  3 04:18:54 UTC 2025
Daily activity on Mon Nov  3 08:15:14 UTC 2025
Daily activity on Mon Nov  3 12:20:00 UTC 2025
Daily activity on Mon Nov  3 16:12:29 UTC 2025
Daily activity on Mon Nov  3 20:11:21 UTC 2025
Daily activity on Tue Nov  4 00:46:59 UTC 2025
Daily activity on Tue Nov  4 04:12:30 UTC 2025
Daily activity on Tue Nov  4 08:14:14 UTC 2025
Daily activity on Tue Nov  4 12:20:40 UTC 2025
Daily activity on Tue Nov  4 16:13:20 UTC 2025
Daily activity on Tue Nov  4 20:11:22 UTC 2025
Daily activity on Wed Nov  5 00:49:34 UTC 2025
Daily activity on Wed Nov  5 04:13:53 UTC 2025
Daily activity on Wed Nov  5 08:14:12 UTC 2025
Daily activity on Wed Nov  5 12:19:59 UTC 2025
Daily activity on Wed Nov  5 16:13:05 UTC 2025
Daily activity on Wed Nov  5 20:11:26 UTC 2025
Daily activity on Thu Nov  6 00:47:45 UTC 2025
Daily activity on Thu Nov  6 04:16:21 UTC 2025
Daily activity on Thu Nov  6 08:14:18 UTC 2025
Daily activity on Thu Nov  6 12:19:47 UTC 2025
Daily activity on Thu Nov  6 16:13:04 UTC 2025
Daily activity on Thu Nov  6 20:11:01 UTC 2025
Daily activity on Fri Nov  7 00:47:27 UTC 2025
Daily activity on Fri Nov  7 04:12:49 UTC 2025
Daily activity on Fri Nov  7 08:14:17 UTC 2025
Daily activity on Fri Nov  7 12:19:02 UTC 2025
Daily activity on Fri Nov  7 16:13:40 UTC 2025
Daily activity on Fri Nov  7 20:10:59 UTC 2025
Daily activity on Sat Nov  8 00:44:24 UTC 2025
Daily activity on Sat Nov  8 04:11:27 UTC 2025
Daily activity on Sat Nov  8 08:11:59 UTC 2025
Daily activity on Sat Nov  8 12:16:27 UTC 2025
Daily activity on Sat Nov  8 16:10:20 UTC 2025
Daily activity on Sat Nov  8 20:09:27 UTC 2025
Daily activity on Sun Nov  9 00:51:26 UTC 2025
Daily activity on Sun Nov  9 04:12:20 UTC 2025
Daily activity on Sun Nov  9 08:11:21 UTC 2025
Daily activity on Sun Nov  9 12:16:42 UTC 2025
Daily activity on Sun Nov  9 16:10:00 UTC 2025
Daily activity on Sun Nov  9 20:10:04 UTC 2025
Daily activity on Mon Nov 10 00:51:34 UTC 2025
Daily activity on Mon Nov 10 04:18:04 UTC 2025
Daily activity on Mon Nov 10 08:15:30 UTC 2025
Daily activity on Mon Nov 10 12:19:54 UTC 2025
Daily activity on Mon Nov 10 16:12:58 UTC 2025
Daily activity on Mon Nov 10 20:11:56 UTC 2025
Daily activity on Tue Nov 11 00:48:46 UTC 2025
Daily activity on Tue Nov 11 04:14:46 UTC 2025
Daily activity on Tue Nov 11 08:13:57 UTC 2025
Daily activity on Tue Nov 11 12:19:24 UTC 2025
Daily activity on Tue Nov 11 16:12:29 UTC 2025
Daily activity on Tue Nov 11 20:10:57 UTC 2025
Daily activity on Wed Nov 12 00:48:40 UTC 2025
Daily activity on Wed Nov 12 04:14:02 UTC 2025
Daily activity on Wed Nov 12 08:14:28 UTC 2025
Daily activity on Wed Nov 12 12:19:42 UTC 2025
Daily activity on Wed Nov 12 16:13:48 UTC 2025
Daily activity on Wed Nov 12 20:11:29 UTC 2025
Daily activity on Thu Nov 13 00:48:07 UTC 2025
Daily activity on Thu Nov 13 04:15:56 UTC 2025
Daily activity on Thu Nov 13 08:13:57 UTC 2025
Daily activity on Thu Nov 13 12:20:26 UTC 2025
Daily activity on Thu Nov 13 16:13:18 UTC 2025
Daily activity on Thu Nov 13 20:11:39 UTC 2025
Daily activity on Fri Nov 14 00:48:21 UTC 2025
Daily activity on Fri Nov 14 04:14:01 UTC 2025
Daily activity on Fri Nov 14 08:14:04 UTC 2025
Daily activity on Fri Nov 14 12:20:17 UTC 2025
Daily activity on Fri Nov 14 16:12:38 UTC 2025
Daily activity on Fri Nov 14 20:11:45 UTC 2025
Daily activity on Sat Nov 15 00:47:02 UTC 2025
Daily activity on Sat Nov 15 04:11:35 UTC 2025
Daily activity on Sat Nov 15 08:11:41 UTC 2025
Daily activity on Sat Nov 15 12:16:53 UTC 2025
Daily activity on Sat Nov 15 16:09:53 UTC 2025
Daily activity on Sat Nov 15 20:09:58 UTC 2025
Daily activity on Sun Nov 16 00:52:43 UTC 2025
Daily activity on Sun Nov 16 04:16:42 UTC 2025
Daily activity on Sun Nov 16 08:12:35 UTC 2025
Daily activity on Sun Nov 16 12:16:28 UTC 2025
Daily activity on Sun Nov 16 16:10:22 UTC 2025
Daily activity on Sun Nov 16 20:10:22 UTC 2025
Daily activity on Mon Nov 17 00:50:24 UTC 2025
Daily activity on Mon Nov 17 04:16:43 UTC 2025
Daily activity on Mon Nov 17 08:15:43 UTC 2025
Daily activity on Mon Nov 17 12:19:54 UTC 2025
Daily activity on Mon Nov 17 16:13:44 UTC 2025
Daily activity on Mon Nov 17 20:11:28 UTC 2025
Daily activity on Tue Nov 18 00:47:50 UTC 2025
Daily activity on Tue Nov 18 04:13:57 UTC 2025
Daily activity on Tue Nov 18 08:14:37 UTC 2025
Daily activity on Tue Nov 18 12:20:19 UTC 2025
Daily activity on Tue Nov 18 16:13:24 UTC 2025
Daily activity on Tue Nov 18 20:12:04 UTC 2025
Daily activity on Wed Nov 19 00:48:12 UTC 2025
Daily activity on Wed Nov 19 04:14:10 UTC 2025
Daily activity on Wed Nov 19 08:14:24 UTC 2025
Daily activity on Wed Nov 19 12:19:54 UTC 2025
Daily activity on Wed Nov 19 16:13:21 UTC 2025
Daily activity on Wed Nov 19 20:10:45 UTC 2025
Daily activity on Thu Nov 20 00:46:32 UTC 2025
Daily activity on Thu Nov 20 04:12:51 UTC 2025
Daily activity on Thu Nov 20 08:14:49 UTC 2025
Daily activity on Thu Nov 20 12:19:44 UTC 2025
Daily activity on Thu Nov 20 16:12:43 UTC 2025
Daily activity on Thu Nov 20 20:11:50 UTC 2025
Daily activity on Fri Nov 21 00:47:35 UTC 2025
Daily activity on Fri Nov 21 04:13:20 UTC 2025
Daily activity on Fri Nov 21 08:14:59 UTC 2025
Daily activity on Fri Nov 21 12:18:47 UTC 2025
Daily activity on Fri Nov 21 16:12:22 UTC 2025
Daily activity on Fri Nov 21 20:11:05 UTC 2025
Daily activity on Sat Nov 22 00:45:22 UTC 2025
Daily activity on Sat Nov 22 04:11:15 UTC 2025
Daily activity on Sat Nov 22 08:12:40 UTC 2025
Daily activity on Sat Nov 22 12:16:20 UTC 2025
Daily activity on Sat Nov 22 16:10:30 UTC 2025
Daily activity on Sat Nov 22 20:10:21 UTC 2025
Daily activity on Sun Nov 23 00:55:46 UTC 2025
Daily activity on Sun Nov 23 04:24:24 UTC 2025
Daily activity on Sun Nov 23 08:12:32 UTC 2025
Daily activity on Sun Nov 23 12:16:10 UTC 2025
Daily activity on Sun Nov 23 16:10:31 UTC 2025
Daily activity on Sun Nov 23 20:10:43 UTC 2025
Daily activity on Mon Nov 24 00:52:32 UTC 2025
Daily activity on Mon Nov 24 04:25:12 UTC 2025
Daily activity on Mon Nov 24 08:15:35 UTC 2025
Daily activity on Mon Nov 24 12:19:53 UTC 2025
Daily activity on Mon Nov 24 16:11:15 UTC 2025
Daily activity on Mon Nov 24 20:12:03 UTC 2025
Daily activity on Tue Nov 25 00:47:04 UTC 2025
Daily activity on Tue Nov 25 04:16:36 UTC 2025
Daily activity on Tue Nov 25 08:15:03 UTC 2025
Daily activity on Tue Nov 25 12:20:44 UTC 2025
Daily activity on Tue Nov 25 16:13:26 UTC 2025
Daily activity on Tue Nov 25 20:11:15 UTC 2025
Daily activity on Wed Nov 26 00:48:14 UTC 2025
Daily activity on Wed Nov 26 04:16:15 UTC 2025
Daily activity on Wed Nov 26 08:14:40 UTC 2025
Daily activity on Wed Nov 26 12:20:28 UTC 2025
Daily activity on Wed Nov 26 16:12:28 UTC 2025
Daily activity on Wed Nov 26 20:11:03 UTC 2025
Daily activity on Thu Nov 27 00:47:21 UTC 2025
Daily activity on Thu Nov 27 04:14:36 UTC 2025
Daily activity on Thu Nov 27 08:15:32 UTC 2025
Daily activity on Thu Nov 27 12:19:41 UTC 2025
Daily activity on Thu Nov 27 16:12:14 UTC 2025
Daily activity on Thu Nov 27 20:09:29 UTC 2025
Daily activity on Fri Nov 28 00:46:14 UTC 2025
Daily activity on Fri Nov 28 04:13:56 UTC 2025
Daily activity on Fri Nov 28 08:14:58 UTC 2025
Daily activity on Fri Nov 28 12:19:21 UTC 2025
Daily activity on Fri Nov 28 16:12:01 UTC 2025
Daily activity on Fri Nov 28 20:10:40 UTC 2025
Daily activity on Sat Nov 29 00:46:13 UTC 2025
Daily activity on Sat Nov 29 04:12:47 UTC 2025
Daily activity on Sat Nov 29 08:12:55 UTC 2025
Daily activity on Sat Nov 29 12:17:26 UTC 2025
Daily activity on Sat Nov 29 16:10:37 UTC 2025
Daily activity on Sat Nov 29 20:10:47 UTC 2025
Daily activity on Sun Nov 30 00:55:14 UTC 2025
Daily activity on Sun Nov 30 04:24:55 UTC 2025
Daily activity on Sun Nov 30 08:12:16 UTC 2025
Daily activity on Sun Nov 30 12:17:16 UTC 2025
Daily activity on Sun Nov 30 16:11:08 UTC 2025
Daily activity on Sun Nov 30 20:10:47 UTC 2025
Daily activity on Mon Dec  1 00:59:35 UTC 2025
Daily activity on Mon Dec  1 04:40:27 UTC 2025
Daily activity on Mon Dec  1 08:16:50 UTC 2025
Daily activity on Mon Dec  1 12:20:44 UTC 2025
Daily activity on Mon Dec  1 16:14:42 UTC 2025
Daily activity on Mon Dec  1 20:10:01 UTC 2025
Daily activity on Tue Dec  2 00:49:59 UTC 2025
Daily activity on Tue Dec  2 04:20:38 UTC 2025
Daily activity on Tue Dec  2 08:15:37 UTC 2025
Daily activity on Tue Dec  2 12:20:58 UTC 2025
Daily activity on Tue Dec  2 16:14:12 UTC 2025
Daily activity on Tue Dec  2 20:13:30 UTC 2025
Daily activity on Wed Dec  3 00:49:45 UTC 2025
Daily activity on Wed Dec  3 04:19:05 UTC 2025
Daily activity on Wed Dec  3 08:15:07 UTC 2025
Daily activity on Wed Dec  3 12:20:33 UTC 2025
Daily activity on Wed Dec  3 16:15:02 UTC 2025
Daily activity on Wed Dec  3 20:11:44 UTC 2025
Daily activity on Thu Dec  4 00:50:02 UTC 2025
Daily activity on Thu Dec  4 04:20:37 UTC 2025
Daily activity on Thu Dec  4 08:15:43 UTC 2025
Daily activity on Thu Dec  4 12:20:51 UTC 2025
Daily activity on Thu Dec  4 16:14:23 UTC 2025
Daily activity on Thu Dec  4 20:11:57 UTC 2025
Daily activity on Fri Dec  5 00:50:47 UTC 2025
Daily activity on Fri Dec  5 04:20:00 UTC 2025
Daily activity on Fri Dec  5 08:14:39 UTC 2025
Daily activity on Fri Dec  5 12:20:27 UTC 2025
Daily activity on Fri Dec  5 16:12:41 UTC 2025
Daily activity on Fri Dec  5 20:11:44 UTC 2025
Daily activity on Sat Dec  6 00:46:50 UTC 2025
Daily activity on Sat Dec  6 04:11:37 UTC 2025
Daily activity on Sat Dec  6 08:12:49 UTC 2025
Daily activity on Sat Dec  6 12:17:35 UTC 2025
Daily activity on Sat Dec  6 16:11:00 UTC 2025
Daily activity on Sat Dec  6 20:10:20 UTC 2025
Daily activity on Sun Dec  7 00:55:21 UTC 2025
Daily activity on Sun Dec  7 04:24:35 UTC 2025
Daily activity on Sun Dec  7 08:12:34 UTC 2025
Daily activity on Sun Dec  7 12:17:10 UTC 2025
Daily activity on Sun Dec  7 16:10:43 UTC 2025
Daily activity on Sun Dec  7 20:10:21 UTC 2025
Daily activity on Mon Dec  8 00:50:51 UTC 2025
Daily activity on Mon Dec  8 04:24:20 UTC 2025
Daily activity on Mon Dec  8 08:17:18 UTC 2025
Daily activity on Mon Dec  8 12:20:39 UTC 2025
Daily activity on Mon Dec  8 16:13:43 UTC 2025
Daily activity on Mon Dec  8 20:11:55 UTC 2025
Daily activity on Tue Dec  9 00:50:19 UTC 2025
Daily activity on Tue Dec  9 04:19:13 UTC 2025
Daily activity on Tue Dec  9 08:15:32 UTC 2025
Daily activity on Tue Dec  9 12:20:42 UTC 2025
Daily activity on Tue Dec  9 16:14:20 UTC 2025
Daily activity on Tue Dec  9 20:10:33 UTC 2025
Daily activity on Wed Dec 10 00:51:53 UTC 2025
Daily activity on Wed Dec 10 04:23:39 UTC 2025
Daily activity on Wed Dec 10 08:15:14 UTC 2025
Daily activity on Wed Dec 10 12:20:35 UTC 2025
Daily activity on Wed Dec 10 16:15:07 UTC 2025
Daily activity on Wed Dec 10 20:12:33 UTC 2025
Daily activity on Thu Dec 11 00:52:34 UTC 2025
Daily activity on Thu Dec 11 04:26:14 UTC 2025
Daily activity on Thu Dec 11 08:16:21 UTC 2025
Daily activity on Thu Dec 11 12:21:43 UTC 2025
Daily activity on Thu Dec 11 16:15:19 UTC 2025
Daily activity on Thu Dec 11 20:13:02 UTC 2025
Daily activity on Fri Dec 12 00:51:48 UTC 2025
Daily activity on Fri Dec 12 04:24:32 UTC 2025
Daily activity on Fri Dec 12 08:15:31 UTC 2025
Daily activity on Fri Dec 12 12:20:18 UTC 2025
Daily activity on Fri Dec 12 16:11:53 UTC 2025
Daily activity on Fri Dec 12 20:11:24 UTC 2025
Daily activity on Sat Dec 13 00:47:29 UTC 2025
Daily activity on Sat Dec 13 04:16:06 UTC 2025
Daily activity on Sat Dec 13 08:12:58 UTC 2025
Daily activity on Sat Dec 13 12:17:46 UTC 2025
Daily activity on Sat Dec 13 16:11:44 UTC 2025
Daily activity on Sat Dec 13 20:10:35 UTC 2025
Daily activity on Sun Dec 14 00:55:43 UTC 2025
Daily activity on Sun Dec 14 04:27:44 UTC 2025
Daily activity on Sun Dec 14 08:13:11 UTC 2025
Daily activity on Sun Dec 14 12:17:52 UTC 2025
Daily activity on Sun Dec 14 16:11:27 UTC 2025
Daily activity on Sun Dec 14 20:10:34 UTC 2025
Daily activity on Mon Dec 15 00:54:05 UTC 2025
Daily activity on Mon Dec 15 04:31:18 UTC 2025
Daily activity on Mon Dec 15 08:17:36 UTC 2025
Daily activity on Mon Dec 15 12:22:15 UTC 2025
Daily activity on Mon Dec 15 16:16:05 UTC 2025
Daily activity on Mon Dec 15 20:12:11 UTC 2025
Daily activity on Tue Dec 16 00:52:19 UTC 2025
Daily activity on Tue Dec 16 04:26:20 UTC 2025
Daily activity on Tue Dec 16 08:16:02 UTC 2025
Daily activity on Tue Dec 16 12:21:56 UTC 2025
Daily activity on Tue Dec 16 16:14:35 UTC 2025
Daily activity on Tue Dec 16 20:12:52 UTC 2025
Daily activity on Wed Dec 17 00:47:04 UTC 2025
Daily activity on Wed Dec 17 04:23:27 UTC 2025
Daily activity on Wed Dec 17 08:15:58 UTC 2025
Daily activity on Wed Dec 17 12:21:13 UTC 2025
Daily activity on Wed Dec 17 16:14:14 UTC 2025
Daily activity on Wed Dec 17 20:12:12 UTC 2025
Daily activity on Thu Dec 18 00:47:06 UTC 2025
Daily activity on Thu Dec 18 04:24:04 UTC 2025
Daily activity on Thu Dec 18 08:15:17 UTC 2025
Daily activity on Thu Dec 18 12:20:55 UTC 2025
Daily activity on Thu Dec 18 16:14:44 UTC 2025
Daily activity on Thu Dec 18 20:11:33 UTC 2025
Daily activity on Fri Dec 19 00:51:55 UTC 2025
Daily activity on Fri Dec 19 04:25:20 UTC 2025
Daily activity on Fri Dec 19 08:15:18 UTC 2025
Daily activity on Fri Dec 19 12:19:40 UTC 2025
Daily activity on Fri Dec 19 16:12:39 UTC 2025
Daily activity on Fri Dec 19 20:11:45 UTC 2025
Daily activity on Sat Dec 20 00:47:48 UTC 2025
Daily activity on Sat Dec 20 04:16:15 UTC 2025
Daily activity on Sat Dec 20 08:13:08 UTC 2025
Daily activity on Sat Dec 20 12:17:39 UTC 2025
Daily activity on Sat Dec 20 16:11:26 UTC 2025
Daily activity on Sat Dec 20 20:10:14 UTC 2025
Daily activity on Sun Dec 21 00:55:41 UTC 2025
Daily activity on Sun Dec 21 04:28:33 UTC 2025
Daily activity on Sun Dec 21 08:13:16 UTC 2025
Daily activity on Sun Dec 21 12:18:26 UTC 2025
Daily activity on Sun Dec 21 16:11:13 UTC 2025
Daily activity on Sun Dec 21 20:10:45 UTC 2025
Daily activity on Mon Dec 22 00:54:35 UTC 2025
Daily activity on Mon Dec 22 04:31:31 UTC 2025
Daily activity on Mon Dec 22 08:16:22 UTC 2025
Daily activity on Mon Dec 22 12:21:14 UTC 2025
Daily activity on Mon Dec 22 16:12:52 UTC 2025
Daily activity on Mon Dec 22 20:11:37 UTC 2025
Daily activity on Tue Dec 23 00:51:53 UTC 2025
Daily activity on Tue Dec 23 04:32:56 UTC 2025
Daily activity on Tue Dec 23 08:15:55 UTC 2025
Daily activity on Tue Dec 23 12:21:06 UTC 2025
Daily activity on Tue Dec 23 16:13:47 UTC 2025
Daily activity on Tue Dec 23 20:11:14 UTC 2025
Daily activity on Wed Dec 24 00:51:53 UTC 2025
Daily activity on Wed Dec 24 04:26:51 UTC 2025
Daily activity on Wed Dec 24 08:15:32 UTC 2025
Daily activity on Wed Dec 24 12:20:05 UTC 2025
Daily activity on Wed Dec 24 16:13:05 UTC 2025
Daily activity on Wed Dec 24 20:11:24 UTC 2025
Daily activity on Thu Dec 25 00:51:38 UTC 2025
Daily activity on Thu Dec 25 04:28:55 UTC 2025
Daily activity on Thu Dec 25 08:15:13 UTC 2025
Daily activity on Thu Dec 25 12:20:08 UTC 2025
Daily activity on Thu Dec 25 16:12:31 UTC 2025
Daily activity on Thu Dec 25 20:12:05 UTC 2025
Daily activity on Fri Dec 26 00:52:06 UTC 2025
Daily activity on Fri Dec 26 04:25:40 UTC 2025
Daily activity on Fri Dec 26 08:14:43 UTC 2025
Daily activity on Fri Dec 26 12:19:52 UTC 2025
Daily activity on Fri Dec 26 16:11:46 UTC 2025
Daily activity on Fri Dec 26 20:11:11 UTC 2025
Daily activity on Sat Dec 27 00:50:16 UTC 2025
Daily activity on Sat Dec 27 04:23:10 UTC 2025
Daily activity on Sat Dec 27 08:13:26 UTC 2025
Daily activity on Sat Dec 27 12:18:13 UTC 2025
Daily activity on Sat Dec 27 16:11:49 UTC 2025
Daily activity on Sat Dec 27 20:11:09 UTC 2025
Daily activity on Sun Dec 28 00:58:28 UTC 2025
Daily activity on Sun Dec 28 04:35:53 UTC 2025
Daily activity on Sun Dec 28 08:13:41 UTC 2025
Daily activity on Sun Dec 28 12:18:39 UTC 2025
Daily activity on Sun Dec 28 16:11:53 UTC 2025
Daily activity on Sun Dec 28 20:11:29 UTC 2025
Daily activity on Mon Dec 29 00:56:50 UTC 2025
Daily activity on Mon Dec 29 04:39:47 UTC 2025
Daily activity on Mon Dec 29 08:17:16 UTC 2025
Daily activity on Mon Dec 29 12:21:47 UTC 2025
Daily activity on Mon Dec 29 16:13:01 UTC 2025
Daily activity on Mon Dec 29 20:12:23 UTC 2025
Daily activity on Tue Dec 30 00:52:01 UTC 2025
Daily activity on Tue Dec 30 04:29:48 UTC 2025
Daily activity on Tue Dec 30 08:15:42 UTC 2025
Daily activity on Tue Dec 30 12:21:18 UTC 2025
Daily activity on Tue Dec 30 16:13:53 UTC 2025
Daily activity on Tue Dec 30 20:11:46 UTC 2025
Daily activity on Wed Dec 31 00:53:34 UTC 2025
Daily activity on Wed Dec 31 04:29:50 UTC 2025
Daily activity on Wed Dec 31 08:15:33 UTC 2025
Daily activity on Wed Dec 31 12:20:31 UTC 2025
Daily activity on Wed Dec 31 16:13:20 UTC 2025
Daily activity on Wed Dec 31 20:11:24 UTC 2025
Daily activity on Thu Jan  1 00:58:48 UTC 2026
Daily activity on Thu Jan  1 04:38:56 UTC 2026
Daily activity on Thu Jan  1 08:15:12 UTC 2026
Daily activity on Thu Jan  1 12:20:58 UTC 2026
Daily activity on Thu Jan  1 16:13:34 UTC 2026
Daily activity on Thu Jan  1 20:12:17 UTC 2026
Daily activity on Fri Jan  2 00:53:30 UTC 2026
Daily activity on Fri Jan  2 04:31:21 UTC 2026
Daily activity on Fri Jan  2 08:15:35 UTC 2026
Daily activity on Fri Jan  2 12:20:10 UTC 2026
Daily activity on Fri Jan  2 16:12:46 UTC 2026
Daily activity on Fri Jan  2 20:11:33 UTC 2026
Daily activity on Sat Jan  3 00:49:40 UTC 2026
Daily activity on Sat Jan  3 04:22:32 UTC 2026
Daily activity on Sat Jan  3 08:13:48 UTC 2026
Daily activity on Sat Jan  3 12:18:34 UTC 2026
Daily activity on Sat Jan  3 16:11:58 UTC 2026
Daily activity on Sat Jan  3 20:11:09 UTC 2026
Daily activity on Sun Jan  4 00:59:04 UTC 2026
Daily activity on Sun Jan  4 04:39:48 UTC 2026
Daily activity on Sun Jan  4 08:14:10 UTC 2026
Daily activity on Sun Jan  4 12:19:10 UTC 2026
Daily activity on Sun Jan  4 16:11:41 UTC 2026
Daily activity on Sun Jan  4 20:11:45 UTC 2026
Daily activity on Mon Jan  5 00:57:54 UTC 2026
Daily activity on Mon Jan  5 04:48:09 UTC 2026
Daily activity on Mon Jan  5 08:17:38 UTC 2026
Daily activity on Mon Jan  5 12:22:02 UTC 2026
Daily activity on Mon Jan  5 16:15:00 UTC 2026
Daily activity on Mon Jan  5 20:12:54 UTC 2026
Daily activity on Tue Jan  6 00:53:13 UTC 2026
Daily activity on Tue Jan  6 04:30:31 UTC 2026
Daily activity on Tue Jan  6 08:16:27 UTC 2026
Daily activity on Tue Jan  6 12:21:40 UTC 2026
Daily activity on Tue Jan  6 16:14:18 UTC 2026
Daily activity on Tue Jan  6 20:12:03 UTC 2026
Daily activity on Wed Jan  7 00:53:45 UTC 2026
Daily activity on Wed Jan  7 04:31:07 UTC 2026
Daily activity on Wed Jan  7 08:16:22 UTC 2026
Daily activity on Wed Jan  7 12:22:11 UTC 2026
Daily activity on Wed Jan  7 16:16:08 UTC 2026
Daily activity on Wed Jan  7 20:12:19 UTC 2026
Daily activity on Thu Jan  8 00:53:28 UTC 2026
Daily activity on Thu Jan  8 04:29:56 UTC 2026
Daily activity on Thu Jan  8 08:16:20 UTC 2026
Daily activity on Thu Jan  8 12:22:29 UTC 2026
Daily activity on Thu Jan  8 16:15:39 UTC 2026
Daily activity on Thu Jan  8 20:12:12 UTC 2026
Daily activity on Fri Jan  9 00:54:03 UTC 2026
Daily activity on Fri Jan  9 04:30:49 UTC 2026
Daily activity on Fri Jan  9 08:16:16 UTC 2026
Daily activity on Fri Jan  9 12:21:18 UTC 2026
Daily activity on Fri Jan  9 16:13:45 UTC 2026
Daily activity on Fri Jan  9 20:12:30 UTC 2026
Daily activity on Sat Jan 10 00:52:00 UTC 2026
Daily activity on Sat Jan 10 04:24:26 UTC 2026
Daily activity on Sat Jan 10 08:13:30 UTC 2026
Daily activity on Sat Jan 10 12:18:38 UTC 2026
Daily activity on Sat Jan 10 16:11:32 UTC 2026
Daily activity on Sat Jan 10 20:10:37 UTC 2026
Daily activity on Sun Jan 11 00:58:47 UTC 2026
Daily activity on Sun Jan 11 04:38:37 UTC 2026
Daily activity on Sun Jan 11 08:13:49 UTC 2026
Daily activity on Sun Jan 11 12:19:11 UTC 2026
Daily activity on Sun Jan 11 16:11:38 UTC 2026
Daily activity on Sun Jan 11 20:11:37 UTC 2026
Daily activity on Mon Jan 12 00:56:13 UTC 2026
Daily activity on Mon Jan 12 04:40:29 UTC 2026
Daily activity on Mon Jan 12 08:17:34 UTC 2026
Daily activity on Mon Jan 12 12:23:05 UTC 2026
Daily activity on Mon Jan 12 16:15:39 UTC 2026
Daily activity on Mon Jan 12 20:12:48 UTC 2026
Daily activity on Tue Jan 13 00:48:48 UTC 2026
Daily activity on Tue Jan 13 04:30:44 UTC 2026
Daily activity on Tue Jan 13 08:16:30 UTC 2026
Daily activity on Tue Jan 13 12:22:22 UTC 2026
Daily activity on Tue Jan 13 16:17:31 UTC 2026
Daily activity on Tue Jan 13 20:12:49 UTC 2026
Daily activity on Wed Jan 14 00:55:19 UTC 2026
Daily activity on Wed Jan 14 04:38:05 UTC 2026
Daily activity on Wed Jan 14 08:15:58 UTC 2026
Daily activity on Wed Jan 14 12:21:37 UTC 2026
Daily activity on Wed Jan 14 16:16:11 UTC 2026
Daily activity on Wed Jan 14 20:10:50 UTC 2026
Daily activity on Thu Jan 15 00:51:30 UTC 2026
Daily activity on Thu Jan 15 04:31:45 UTC 2026
Daily activity on Thu Jan 15 08:16:36 UTC 2026
Daily activity on Thu Jan 15 12:21:29 UTC 2026
Daily activity on Thu Jan 15 16:20:39 UTC 2026
Daily activity on Thu Jan 15 20:12:53 UTC 2026
Daily activity on Fri Jan 16 00:54:14 UTC 2026
Daily activity on Fri Jan 16 04:30:22 UTC 2026
Daily activity on Fri Jan 16 08:15:24 UTC 2026
Daily activity on Fri Jan 16 12:21:03 UTC 2026
Daily activity on Fri Jan 16 16:14:50 UTC 2026
Daily activity on Fri Jan 16 20:12:10 UTC 2026
Daily activity on Sat Jan 17 00:51:38 UTC 2026
Daily activity on Sat Jan 17 04:22:43 UTC 2026
Daily activity on Sat Jan 17 08:13:36 UTC 2026
Daily activity on Sat Jan 17 12:18:27 UTC 2026
Daily activity on Sat Jan 17 16:11:04 UTC 2026
Daily activity on Sat Jan 17 20:11:18 UTC 2026
Daily activity on Sun Jan 18 00:57:59 UTC 2026
Daily activity on Sun Jan 18 04:33:45 UTC 2026
Daily activity on Sun Jan 18 08:13:59 UTC 2026
Daily activity on Sun Jan 18 12:18:51 UTC 2026
Daily activity on Sun Jan 18 16:11:42 UTC 2026
Daily activity on Sun Jan 18 20:11:33 UTC 2026
Daily activity on Mon Jan 19 00:57:29 UTC 2026
Daily activity on Mon Jan 19 04:42:08 UTC 2026
Daily activity on Mon Jan 19 08:19:00 UTC 2026
Daily activity on Mon Jan 19 12:23:17 UTC 2026
Daily activity on Mon Jan 19 16:15:21 UTC 2026
Daily activity on Mon Jan 19 20:12:15 UTC 2026
Daily activity on Tue Jan 20 00:52:46 UTC 2026
Daily activity on Tue Jan 20 04:36:19 UTC 2026
Daily activity on Tue Jan 20 08:17:21 UTC 2026
Daily activity on Tue Jan 20 12:23:05 UTC 2026
Daily activity on Tue Jan 20 16:20:40 UTC 2026
Daily activity on Tue Jan 20 20:37:04 UTC 2026
Daily activity on Wed Jan 21 00:55:04 UTC 2026
Daily activity on Wed Jan 21 04:35:56 UTC 2026
Daily activity on Wed Jan 21 08:17:25 UTC 2026
Daily activity on Wed Jan 21 12:24:08 UTC 2026
Daily activity on Wed Jan 21 16:23:06 UTC 2026
Daily activity on Wed Jan 21 20:19:00 UTC 2026
Daily activity on Thu Jan 22 00:54:11 UTC 2026
Daily activity on Thu Jan 22 04:38:57 UTC 2026
Daily activity on Thu Jan 22 08:16:55 UTC 2026
Daily activity on Thu Jan 22 12:24:20 UTC 2026
Daily activity on Thu Jan 22 16:19:51 UTC 2026
Daily activity on Thu Jan 22 20:13:31 UTC 2026
Daily activity on Fri Jan 23 00:54:25 UTC 2026
Daily activity on Fri Jan 23 04:33:45 UTC 2026
Daily activity on Fri Jan 23 08:15:55 UTC 2026
Daily activity on Fri Jan 23 12:22:43 UTC 2026
Daily activity on Fri Jan 23 16:15:56 UTC 2026
Daily activity on Fri Jan 23 20:13:10 UTC 2026
Daily activity on Sat Jan 24 00:52:04 UTC 2026
Daily activity on Sat Jan 24 04:26:29 UTC 2026
Daily activity on Sat Jan 24 08:14:00 UTC 2026
Daily activity on Sat Jan 24 12:18:59 UTC 2026
Daily activity on Sat Jan 24 16:11:41 UTC 2026
Daily activity on Sat Jan 24 20:11:01 UTC 2026
Daily activity on Sun Jan 25 00:59:23 UTC 2026
Daily activity on Sun Jan 25 04:43:02 UTC 2026
Daily activity on Sun Jan 25 08:14:23 UTC 2026
Daily activity on Sun Jan 25 12:20:16 UTC 2026
Daily activity on Sun Jan 25 16:12:26 UTC 2026
Daily activity on Sun Jan 25 20:12:04 UTC 2026
Daily activity on Mon Jan 26 00:58:28 UTC 2026
Daily activity on Mon Jan 26 04:46:45 UTC 2026
Daily activity on Mon Jan 26 08:17:54 UTC 2026
Daily activity on Mon Jan 26 12:23:34 UTC 2026
Daily activity on Mon Jan 26 16:19:18 UTC 2026
Daily activity on Mon Jan 26 20:13:42 UTC 2026
Daily activity on Tue Jan 27 00:56:56 UTC 2026
Daily activity on Tue Jan 27 04:38:09 UTC 2026
Daily activity on Tue Jan 27 08:17:43 UTC 2026
Daily activity on Tue Jan 27 12:23:22 UTC 2026
Daily activity on Tue Jan 27 16:17:05 UTC 2026
Daily activity on Tue Jan 27 20:12:26 UTC 2026
Daily activity on Wed Jan 28 00:54:23 UTC 2026
Daily activity on Wed Jan 28 04:36:07 UTC 2026
Daily activity on Wed Jan 28 08:17:11 UTC 2026
Daily activity on Wed Jan 28 12:24:37 UTC 2026
Daily activity on Wed Jan 28 16:22:12 UTC 2026
Daily activity on Wed Jan 28 20:16:34 UTC 2026
Daily activity on Thu Jan 29 01:01:39 UTC 2026
Daily activity on Thu Jan 29 04:59:55 UTC 2026
